ToontownStart: Polling for game2 to finish...
ToontownStart: Game2 is finished.
ToontownStart: Starting the game.
ToontownStart: setting default font
TTLocalizer: Running in language: english
from toontown.toonbase.TTLocalizerEnglish import *
OTPLocalizer: Running in language: english
from otp.otpbase.OTPLocalizerEnglish import *
ToontownStart: Loading default gui sounds
ToontownStart: serverVersion:  tti-retro-dev
Preloading avatars...
Done preloading avatars.
{401000001: <toontown.distributed.ToontownDistrict.ToontownDistrict instance at 0x15F08F80>}
entering active SC menu
local
0
Reading DNA file... phase_3.5/dna/storage_tutorial.dna
Reading DNA file... phase_3.5/dna/storage_interior.dna
Reading DNA file... phase_3.5/dna/tutorial_street.dna
Hello there im a distributedTutorialInteriorAI
Setting up Toontorial dna! :D
Reading DNA file... phase_3.5/dna/tutorial_street.dna
frame rate: 26.8 fps|0.004d|1 avs||345|346||0x8086|0x0106|614.3MB|612.4MB|3912.4MB|394|nt.2.6.2|1.800,1.800|2,2 cpus|OpenGL
frame rate: 31.5 fps|0.003d|1 avs||645|646||0x8086|0x0106|614.4MB|612.6MB|3912.4MB|394|nt.2.6.2|1.800,1.800|2,2 cpus|OpenGL
ignoring InputState-forward
