ToontownStart: Polling for game2 to finish...
ToontownStart: Game2 is finished.
ToontownStart: Starting the game.
ToontownStart: setting default font
TTLocalizer: Running in language: english
from toontown.toonbase.TTLocalizerEnglish import *
OTPLocalizer: Running in language: english
from otp.otpbase.OTPLocalizerEnglish import *
ToontownStart: Loading default gui sounds
ToontownStart: serverVersion:  tti-retro-dev
Preloading avatars...
Done preloading avatars.
{401000001: <toontown.distributed.ToontownDistrict.ToontownDistrict instance at 0x15EC8F80>}
entering active SC menu
local
0
Reading DNA file... phase_4/dna/storage.dna
Reading DNA file... phase_3.5/dna/storage_interior.dna
Battle Event localtoon-battle-event-3
Traceback (most recent call last):
  File "C:\Panda3D-1.9.0\direct\distributed\ConnectionRepository.py", line 613, in readerPollUntilEmpty
    while self.readerPollOnce():
  File "C:\Panda3D-1.9.0\direct\distributed\ConnectionRepository.py", line 620, in readerPollOnce
    self.handleDatagram(self.private__di)
  File "otp\distributed\OTPClientRepository.py", line 1873, in handleDatagram
    self.handler(msgType, di)
  File "otp\distributed\OTPClientRepository.py", line 1484, in handlePlayGame
    self.handleUpdateField(di)
  File "otp\distributed\OTPClientRepository.py", line 2191, in handleUpdateField
    self.__doUpdate(doId, di, ovUpdated)
  File "otp\distributed\OTPClientRepository.py", line 2199, in __doUpdate
    do.dclass.receiveUpdate(do, di)
  File "toontown\battle\DistributedBattleBase.py", line 343, in setState
    self.fsm.request(state, [globalClockDelta.localElapsedTime(timestamp)])
  File "C:\Panda3D-1.9.0\direct\fsm\ClassicFSM.py", line 284, in request
    exitArgList)
  File "C:\Panda3D-1.9.0\direct\fsm\ClassicFSM.py", line 231, in __transition
    self.__enter(aState, enterArgList)
  File "C:\Panda3D-1.9.0\direct\fsm\ClassicFSM.py", line 217, in __enter
    aState.enter(argList)
  File "C:\Panda3D-1.9.0\direct\fsm\State.py", line 203, in enter
    apply(self.__enterFunc, argList)
  File "toontown\battle\DistributedBattleBase.py", line 1188, in enterPlayMovie
    self.movie.play(ts, self.__handleMovieDone)
  File "toontown\battle\Movie.py", line 241, in play
    tattacks, tcam = self.__doToonAttacks()
  File "toontown\battle\Movie.py", line 442, in __doToonAttacks
    ival, camIval = MovieSound.doSounds(self.__findToonAttack(SOUND))
  File "toontown\battle\MovieSound.py", line 29, in doSounds
    npcArrivals, npcDepartures, npcs = MovieNPCSOS.doNPCTeleports(sounds)
  File "toontown\battle\MovieNPCSOS.py", line 279, in doNPCTeleports
    npc = NPCToons.createLocalNPC(npcId)
  File "toontown\toon\NPCToons.py", line 210, in createLocalNPC
    npc.setDNAString(dna.makeNetString())
  File "toontown\toon\ToonDNA.py", line 2456, in makeNetString
    torsoIndex = toonTorsoTypes.index(self.torso)
ValueError: 'sm' is not in list
Traceback (most recent call last):
  File "otp\otpbase\OTPBase.py", line 239, in run
    taskMgr.run()
  File "C:\Panda3D-1.9.0\direct\task\Task.py", line 502, in run
    self.step()
  File "C:\Panda3D-1.9.0\direct\task\Task.py", line 460, in step
    self.mgr.poll()
  File "C:\Panda3D-1.9.0\direct\distributed\ConnectionRepository.py", line 613, in readerPollUntilEmpty
    while self.readerPollOnce():
  File "C:\Panda3D-1.9.0\direct\distributed\ConnectionRepository.py", line 620, in readerPollOnce
    self.handleDatagram(self.private__di)
  File "otp\distributed\OTPClientRepository.py", line 1873, in handleDatagram
    self.handler(msgType, di)
  File "otp\distributed\OTPClientRepository.py", line 1484, in handlePlayGame
    self.handleUpdateField(di)
  File "otp\distributed\OTPClientRepository.py", line 2191, in handleUpdateField
    self.__doUpdate(doId, di, ovUpdated)
  File "otp\distributed\OTPClientRepository.py", line 2199, in __doUpdate
    do.dclass.receiveUpdate(do, di)
  File "toontown\battle\DistributedBattleBase.py", line 343, in setState
    self.fsm.request(state, [globalClockDelta.localElapsedTime(timestamp)])
  File "C:\Panda3D-1.9.0\direct\fsm\ClassicFSM.py", line 284, in request
    exitArgList)
  File "C:\Panda3D-1.9.0\direct\fsm\ClassicFSM.py", line 231, in __transition
    self.__enter(aState, enterArgList)
  File "C:\Panda3D-1.9.0\direct\fsm\ClassicFSM.py", line 217, in __enter
    aState.enter(argList)
  File "C:\Panda3D-1.9.0\direct\fsm\State.py", line 203, in enter
    apply(self.__enterFunc, argList)
  File "toontown\battle\DistributedBattleBase.py", line 1188, in enterPlayMovie
    self.movie.play(ts, self.__handleMovieDone)
  File "toontown\battle\Movie.py", line 241, in play
    tattacks, tcam = self.__doToonAttacks()
  File "toontown\battle\Movie.py", line 442, in __doToonAttacks
    ival, camIval = MovieSound.doSounds(self.__findToonAttack(SOUND))
  File "toontown\battle\MovieSound.py", line 29, in doSounds
    npcArrivals, npcDepartures, npcs = MovieNPCSOS.doNPCTeleports(sounds)
  File "toontown\battle\MovieNPCSOS.py", line 279, in doNPCTeleports
    npc = NPCToons.createLocalNPC(npcId)
  File "toontown\toon\NPCToons.py", line 210, in createLocalNPC
    npc.setDNAString(dna.makeNetString())
  File "toontown\toon\ToonDNA.py", line 2456, in makeNetString
    torsoIndex = toonTorsoTypes.index(self.torso)
ValueError: 'sm' is not in list
