ToontownStart: Polling for game2 to finish...
ToontownStart: Game2 is finished.
ToontownStart: Starting the game.
ToontownStart: setting default font
TTLocalizer: Running in language: english
from toontown.toonbase.TTLocalizerEnglish import *
OTPLocalizer: Running in language: english
from otp.otpbase.OTPLocalizerEnglish import *
ToontownStart: Loading default gui sounds
ToontownStart: serverVersion:  tti-retro-dev
Preloading avatars...
Done preloading avatars.
{401000001: <toontown.distributed.ToontownDistrict.ToontownDistrict instance at 0x163F2F80>}
entering active SC menu
local
0
Reading DNA file... phase_4/dna/storage.dna
Reading DNA file... phase_3.5/dna/storage_interior.dna
Battle Event localtoon-battle-event-3
Battle Event localtoon-battle-event-9
Battle Event localtoon-battle-event-15
frame rate: 17.4 fps|0.015d|8 avs||391|399||0x8086|0x0106|632.1MB|623.5MB|3912.4MB|365|nt.2.6.2|1.800,1.800|2,2 cpus|OpenGL
frame rate: 18.7 fps|0.012d|9 avs||691|699||0x8086|0x0106|646.4MB|638.6MB|3912.4MB|405|nt.2.6.2|1.800,1.800|2,2 cpus|OpenGL
Reading DNA file... phase_8/dna/storage_DG.dna
Reading DNA file... phase_8/dna/storage_DG_sz.dna
Reading DNA file... phase_8/dna/daisys_garden_sz.dna
fisherman origin:  render/loader_data/daisysGarden/fishing_pond_1/npc_fisherman_origin_0
frame rate: 14.9 fps|0.004d|2 avs||991|999||0x8086|0x0106|711.6MB|704.2MB|3912.4MB|430|nt.2.6.2|1.800,1.800|2,2 cpus|OpenGL
frame rate: 13.6 fps|0.007d|2 avs||1292|1299||0x8086|0x0106|711.8MB|704.3MB|3912.4MB|430|nt.2.6.2|1.800,1.800|2,2 cpus|OpenGL
frame rate: 15.0 fps|0.005d|2 avs||1592|1599||0x8086|0x0106|711.5MB|704.3MB|3912.4MB|441|nt.2.6.2|1.800,1.800|2,2 cpus|OpenGL
ignoring InputState-forward
entering active SC menu
local
0
Reading DNA file... phase_4/dna/storage.dna
Reading DNA file... phase_3.5/dna/storage_interior.dna
Reading DNA file... phase_8/dna/storage_DG.dna
Reading DNA file... phase_8/dna/storage_DG_sz.dna
Reading DNA file... phase_8/dna/daisys_garden_sz.dna
fisherman origin:  render/loader_data/daisysGarden/fishing_pond_1/npc_fisherman_origin_0
OnscreenText.configure: mayChange == 0
OnscreenText.configure: mayChange == 0
OnscreenText.configure: mayChange == 0
OnscreenText.configure: mayChange == 0
entering active SC menu
entering active SC menu
frame rate: 19.2 fps|0.029d|2 avs||2121|2128||0x8086|0x0106|728.5MB|720.6MB|3912.4MB|579|nt.2.6.2|1.800,1.500|2,2 cpus|OpenGL
frame rate: 8.8 fps|0.008d|2 avs||2421|2428||0x8086|0x0106|723.4MB|720.4MB|3912.4MB|579|nt.2.6.2|1.800,1.800|2,2 cpus|OpenGL
ignoring InputState-forward
entering active SC menu
local
0
Reading DNA file... phase_3.5/dna/storage_tutorial.dna
Reading DNA file... phase_3.5/dna/storage_interior.dna
Reading DNA file... phase_3.5/dna/tutorial_street.dna
Hello there im a distributedTutorialInteriorAI
Setting up Toontorial dna! :D
Reading DNA file... phase_3.5/dna/tutorial_street.dna
ignoring InputState-forward
