ToontownStart: Polling for game2 to finish...
ToontownStart: Game2 is finished.
ToontownStart: Starting the game.
ToontownStart: setting default font
TTLocalizer: Running in language: english
from toontown.toonbase.TTLocalizerEnglish import *
OTPLocalizer: Running in language: english
from otp.otpbase.OTPLocalizerEnglish import *
ToontownStart: Loading default gui sounds
ToontownStart: serverVersion:  tti-retro-dev
Preloading avatars...
Done preloading avatars.
{401000001: <toontown.distributed.ToontownDistrict.ToontownDistrict instance at 0x163F1F58>}
entering active SC menu
local
3
Reading DNA file... phase_4/dna/storage.dna
Reading DNA file... phase_3.5/dna/storage_interior.dna
entering active SC menu
OnscreenText.configure: mayChange == 0
OnscreenText.configure: mayChange == 0
OnscreenText.configure: mayChange == 0
OnscreenText.configure: mayChange == 0
Traceback (most recent call last):
  File "C:\Panda3D-1.9.0\direct\showbase\EventManager.py", line 61, in eventLoopTask
    self.doEvents()
  File "C:\Panda3D-1.9.0\direct\showbase\EventManager.py", line 55, in doEvents
    processFunc(self.eventQueue.dequeueEvent())
  File "C:\Panda3D-1.9.0\direct\showbase\EventManager.py", line 122, in processEvent
    messenger.send(eventName, paramList)
  File "C:\Panda3D-1.9.0\direct\showbase\Messenger.py", line 397, in send
    self.__dispatch(acceptorDict, event, sentArgs, foundWatch)
  File "C:\Panda3D-1.9.0\direct\showbase\Messenger.py", line 482, in __dispatch
    method (*(extraArgs + sentArgs))
  File "C:\Panda3D-1.9.0\direct\gui\DirectButton.py", line 103, in commandFunc
    apply(self['command'], self['extraArgs'])
  File "toontown\shtiker\ShtikerBook.py", line 196, in goToPage
    self.setPage(page)
  File "toontown\shtiker\ShtikerBook.py", line 299, in setPage
    page.enter()
  File "toontown\shtiker\NPCFriendPage.py", line 28, in enter
    self.updatePage()
  File "toontown\shtiker\NPCFriendPage.py", line 25, in updatePage
    self.friendPanel.update(base.localAvatar.NPCFriendsDict, fCallable=0)
  File "toontown\toon\NPCFriendPanel.py", line 36, in update
    card.update(NPCID, count, fCallable)
  File "toontown\toon\NPCFriendPanel.py", line 164, in update
    self.NPCHead = self.createNPCToonHead(NPCID, dimension=self.NPCHeadDim)
  File "toontown\toon\NPCFriendPanel.py", line 210, in createNPCToonHead
    NPCInfo = NPCToons.NPCToonDict[NPCID]
KeyError: 91917
Traceback (most recent call last):
  File "otp\otpbase\OTPBase.py", line 239, in run
    taskMgr.run()
  File "C:\Panda3D-1.9.0\direct\task\Task.py", line 502, in run
    self.step()
  File "C:\Panda3D-1.9.0\direct\task\Task.py", line 460, in step
    self.mgr.poll()
  File "C:\Panda3D-1.9.0\direct\showbase\EventManager.py", line 61, in eventLoopTask
    self.doEvents()
  File "C:\Panda3D-1.9.0\direct\showbase\EventManager.py", line 55, in doEvents
    processFunc(self.eventQueue.dequeueEvent())
  File "C:\Panda3D-1.9.0\direct\showbase\EventManager.py", line 122, in processEvent
    messenger.send(eventName, paramList)
  File "C:\Panda3D-1.9.0\direct\showbase\Messenger.py", line 397, in send
    self.__dispatch(acceptorDict, event, sentArgs, foundWatch)
  File "C:\Panda3D-1.9.0\direct\showbase\Messenger.py", line 482, in __dispatch
    method (*(extraArgs + sentArgs))
  File "C:\Panda3D-1.9.0\direct\gui\DirectButton.py", line 103, in commandFunc
    apply(self['command'], self['extraArgs'])
  File "toontown\shtiker\ShtikerBook.py", line 196, in goToPage
    self.setPage(page)
  File "toontown\shtiker\ShtikerBook.py", line 299, in setPage
    page.enter()
  File "toontown\shtiker\NPCFriendPage.py", line 28, in enter
    self.updatePage()
  File "toontown\shtiker\NPCFriendPage.py", line 25, in updatePage
    self.friendPanel.update(base.localAvatar.NPCFriendsDict, fCallable=0)
  File "toontown\toon\NPCFriendPanel.py", line 36, in update
    card.update(NPCID, count, fCallable)
  File "toontown\toon\NPCFriendPanel.py", line 164, in update
    self.NPCHead = self.createNPCToonHead(NPCID, dimension=self.NPCHeadDim)
  File "toontown\toon\NPCFriendPanel.py", line 210, in createNPCToonHead
    NPCInfo = NPCToons.NPCToonDict[NPCID]
KeyError: 91917
