ToontownStart: Polling for game2 to finish...
ToontownStart: Game2 is finished.
ToontownStart: Starting the game.
ToontownStart: setting default font
TTLocalizer: Running in language: english
from toontown.toonbase.TTLocalizerEnglish import *
OTPLocalizer: Running in language: english
from otp.otpbase.OTPLocalizerEnglish import *
ToontownStart: Loading default gui sounds
ToontownStart: serverVersion:  tti-retro-dev
Preloading avatars...
Done preloading avatars.
{401000001: <toontown.distributed.ToontownDistrict.ToontownDistrict instance at 0x15F28F80>}
{401000001: <toontown.distributed.ToontownDistrict.ToontownDistrict instance at 0x15F28F80>}
{401000001: <toontown.distributed.ToontownDistrict.ToontownDistrict instance at 0x15F28F80>}
{401000001: <toontown.distributed.ToontownDistrict.ToontownDistrict instance at 0x15F28F80>}
entering active SC menu
local
0
Reading DNA file... phase_4/dna/storage.dna
Reading DNA file... phase_3.5/dna/storage_interior.dna
Battle Event localtoon-battle-event-3
Battle Event localtoon-battle-event-9
frame rate: 8.3 fps|0.011d|10 avs||410|411||0x8086|0x0106|626.2MB|622.3MB|3912.4MB|373|nt.2.6.2|1.800,0.800|2,2 cpus|OpenGL
ignoring InputState-forward
