ToontownStart: Polling for game2 to finish...
ToontownStart: Game2 is finished.
ToontownStart: Starting the game.
ToontownStart: setting default font
TTLocalizer: Running in language: english
from toontown.toonbase.TTLocalizerEnglish import *
OTPLocalizer: Running in language: english
from otp.otpbase.OTPLocalizerEnglish import *
ToontownStart: Loading default gui sounds
ToontownStart: serverVersion:  tti-retro-dev
Preloading avatars...
Done preloading avatars.
{401000001: <toontown.distributed.ToontownDistrict.ToontownDistrict instance at 0x1613DF80>}
entering active SC menu
local
3
Reading DNA file... phase_4/dna/storage.dna
Reading DNA file... phase_3.5/dna/storage_interior.dna
updating achievements page
ToonAvatarDetailPanel None
0.0 7.1375002861 -1.20000004768 0.800000011921
LPoint3f(-4.23975, 0.05, -2.9)
doors enter state 1
openInnerDoors
openInnerDoors
openInnerDoors stage Two
spec = {'parentEntId': 10014, 'pos': LPoint3f(0, 0, 0)}
h = None
Battle Event localtoon-battle-event-9
frame rate: 23.0 fps|0.024d|3 avs||365|368||0x8086|0x0106|697.4MB|689.0MB|3912.4MB|390|nt.2.6.2|1.800,1.800|2,2 cpus|OpenGL
doors enter state 1
openInnerDoors
openInnerDoors
openInnerDoors stage Two
doors enter state 1
openInnerDoors
openInnerDoors
openInnerDoors stage Two
doors enter state 1
openInnerDoors
openInnerDoors
openInnerDoors stage Two
spec = {'parentEntId': 10037, 'pos': LPoint3f(0, 0, 0)}
h = None
Battle Event localtoon-battle-event-15
0.0 7.1375002861 -1.20000004768 0.800000011921
LPoint3f(-4.23975, 0.05, -2.9)
doors enter state 1
openInnerDoors
openInnerDoors
openInnerDoors stage Two
doors enter state 1
openInnerDoors
openInnerDoors
openInnerDoors stage Two
spec = {'parentEntId': 10030, 'pos': LPoint3f(0, 0, 0)}
h = None
Battle Event localtoon-battle-event-21
frame rate: 31.7 fps|0.015d|2 avs||665|668||0x8086|0x0106|708.7MB|699.8MB|3912.4MB|394|nt.2.6.2|1.800,1.800|2,2 cpus|OpenGL
doors enter state 1
openInnerDoors
openInnerDoors
openInnerDoors stage Two
doors enter state 1
openInnerDoors
openInnerDoors
openInnerDoors stage Two
spec = {'parentEntId': 10023, 'pos': LPoint3f(0, 0, 0)}
h = None
Battle Event localtoon-battle-event-27
spec = {'parentEntId': 10032, 'pos': LPoint3f(0, 0, 0)}
h = None
Battle Event localtoon-battle-event-33
doors enter state 1
openInnerDoors
openInnerDoors
openInnerDoors stage Two
doors enter state 1
openInnerDoors
openInnerDoors
openInnerDoors stage Two
frame rate: 15.0 fps|0.007d|6 avs||965|968||0x8086|0x0106|726.7MB|718.3MB|3912.4MB|400|nt.2.6.2|1.800,1.800|2,2 cpus|OpenGL
doors enter state 1
openInnerDoors
openInnerDoors
openInnerDoors stage Two
doors enter state 1
openInnerDoors
openInnerDoors
openInnerDoors stage Two
doors enter state 1
openInnerDoors
openInnerDoors
openInnerDoors stage Two
spec = {'parentEntId': 20058, 'pos': LPoint3f(0, 0, 0)}
h = None
Battle Event localtoon-battle-event-39
OnscreenText.configure: mayChange == 0
OnscreenText.configure: mayChange == 0
OnscreenText.configure: mayChange == 0
OnscreenText.configure: mayChange == 0
OnscreenText.configure: mayChange == 0
OnscreenText.configure: mayChange == 0
OnscreenText.configure: mayChange == 0
OnscreenText.configure: mayChange == 0
ToonAvatarDetailPanel None
Reading DNA file... phase_4/dna/storage_TT.dna
Reading DNA file... phase_4/dna/storage_TT_sz.dna
Reading DNA file... phase_4/dna/toontown_central_sz.dna
Responding to non-available character!
fisherman origin:  render/loader_data/toontownCentral/fishing_pond_1/npc_fisherman_origin_0
updating achievements page
updating achievements page
frame rate: 11.8 fps|0.100d|5 avs||1265|1268||0x8086|0x0106|785.2MB|778.1MB|3912.4MB|426|nt.2.6.2|1.800,1.800|2,2 cpus|OpenGL
ignoring InputState-forward
