ToontownStart: Polling for game2 to finish...
ToontownStart: Game2 is finished.
ToontownStart: Starting the game.
ToontownStart: setting default font
TTLocalizer: Running in language: english
from toontown.toonbase.TTLocalizerEnglish import *
OTPLocalizer: Running in language: english
from otp.otpbase.OTPLocalizerEnglish import *
ToontownStart: Loading default gui sounds
ToontownStart: serverVersion:  tti-retro-dev
Preloading avatars...
Done preloading avatars.
{401000001: <toontown.distributed.ToontownDistrict.ToontownDistrict instance at 0x246A8F58>}
entering active SC menu
local
0
Reading DNA file... phase_4/dna/storage.dna
Reading DNA file... phase_3.5/dna/storage_interior.dna
Reading DNA file... phase_4/dna/storage_TT.dna
Reading DNA file... phase_4/dna/storage_TT_sz.dna
Reading DNA file... phase_4/dna/toontown_central_sz.dna
fisherman origin:  render/loader_data/toontownCentral/fishing_pond_1/npc_fisherman_origin_0
Responding to non-available character!
updating achievements page
frame rate: 8.5 fps|0.050d|3 avs||409|418||0x8086|0x0106|776.3MB|1071.5MB|3912.4MB|1017|nt.2.6.2|1.800,1.800|2,2 cpus|OpenGL
frame rate: 8.9 fps|0.006d|3 avs||709|718||0x8086|0x0106|774.0MB|1071.7MB|3912.4MB|1078|nt.2.6.2|1.800,1.800|2,2 cpus|OpenGL
updating achievements page
frame rate: 8.2 fps|0.007d|3 avs||1009|1018||0x8086|0x0106|779.2MB|1072.6MB|3912.4MB|1081|nt.2.6.2|1.800,0.800|2,2 cpus|OpenGL
ignoring InputState-forward
entering active SC menu
local
0
Reading DNA file... phase_4/dna/storage.dna
Reading DNA file... phase_3.5/dna/storage_interior.dna
Reading DNA file... phase_4/dna/storage_TT.dna
Reading DNA file... phase_4/dna/storage_TT_sz.dna
Reading DNA file... phase_4/dna/toontown_central_sz.dna
fisherman origin:  render/loader_data/toontownCentral/fishing_pond_1/npc_fisherman_origin_0
Responding to non-available character!
OnscreenText.configure: mayChange == 0
OnscreenText.configure: mayChange == 0
OnscreenText.configure: mayChange == 0
OnscreenText.configure: mayChange == 0
frame rate: 11.4 fps|0.125d|3 avs||2015|2024||0x8086|0x0106|1017.2MB|1096.8MB|3912.4MB|1495|nt.2.6.2|1.800,1.800|2,2 cpus|OpenGL
ignoring InputState-forward
