ToontownStart: Polling for game2 to finish...
ToontownStart: Game2 is finished.
ToontownStart: Starting the game.
ToontownStart: setting default font
TTLocalizer: Running in language: english
from toontown.toonbase.TTLocalizerEnglish import *
OTPLocalizer: Running in language: english
from otp.otpbase.OTPLocalizerEnglish import *
ToontownStart: Loading default gui sounds
ToontownStart: serverVersion:  tti-retro-dev
Preloading avatars...
Done preloading avatars.
{401000001: <toontown.distributed.ToontownDistrict.ToontownDistrict instance at 0x1C218EE0>}
entering active SC menu
local
0
Reading DNA file... phase_4/dna/storage.dna
Reading DNA file... phase_3.5/dna/storage_interior.dna
Reading DNA file... phase_4/dna/storage_TT.dna
Reading DNA file... phase_4/dna/storage_TT_sz.dna
Reading DNA file... phase_4/dna/toontown_central_sz.dna
fisherman origin:  render/loader_data/toontownCentral/fishing_pond_1/npc_fisherman_origin_0
Responding to non-available character!
OnscreenText.configure: mayChange == 0
OnscreenText.configure: mayChange == 0
OnscreenText.configure: mayChange == 0
OnscreenText.configure: mayChange == 0
OnscreenText.configure: mayChange == 0
OnscreenText.configure: mayChange == 0
OnscreenText.configure: mayChange == 0
OnscreenText.configure: mayChange == 0
updating achievements page
updating achievements page
frame rate: 21.5 fps|0.005d|4 avs||362|372||0x8086|0x0106|1083.6MB|1075.5MB|3912.4MB|1018|nt.2.6.2|1.800,1.800|2,2 cpus|OpenGL
updating achievements page
updating achievements page
OnscreenText.configure: mayChange == 0
OnscreenText.configure: mayChange == 0
OnscreenText.configure: mayChange == 0
OnscreenText.configure: mayChange == 0
updating achievements page
Reading DNA file... phase_5/dna/storage_town.dna
Reading DNA file... phase_5/dna/storage_TT_town.dna
Reading DNA file... phase_5/dna/toontown_central_2300.dna
DNALandmarkBuilding sb32:toon_landmark_hqTT_DNARoot did not find **/*suit_building_origin
updating achievements page
frame rate: 11.6 fps|0.292d|2 avs||669|680||0x8086|0x0106|1152.4MB|1145.3MB|3912.4MB|1095|nt.2.6.2|1.800,1.800|2,2 cpus|OpenGL
Battle Event localtoon-battle-event-3
Reading DNA file... phase_5/dna/storage_town.dna
Reading DNA file... phase_5/dna/storage_TT_town.dna
Reading DNA file... phase_5/dna/toontown_central_2300.dna
DNALandmarkBuilding sb32:toon_landmark_hqTT_DNARoot did not find **/*suit_building_origin
fisherman origin:  render/town_top_level/toontownCentral/2341/fishing_pond_1/npc_fisherman_origin_0
OnscreenText.configure: mayChange == 0
OnscreenText.configure: mayChange == 0
OnscreenText.configure: mayChange == 0
OnscreenText.configure: mayChange == 0
OnscreenText.configure: mayChange == 0
OnscreenText.configure: mayChange == 0
OnscreenText.configure: mayChange == 0
OnscreenText.configure: mayChange == 0
Traceback (most recent call last):
  File "C:\Panda3D-1.9.0\direct\distributed\ConnectionRepository.py", line 613, in readerPollUntilEmpty
    while self.readerPollOnce():
  File "C:\Panda3D-1.9.0\direct\distributed\ConnectionRepository.py", line 620, in readerPollOnce
    self.handleDatagram(self.private__di)
  File "otp\distributed\OTPClientRepository.py", line 1873, in handleDatagram
    self.handler(msgType, di)
  File "otp\distributed\OTPClientRepository.py", line 1482, in handlePlayGame
    self.handleGenerateWithRequiredOther(di)
  File "otp\distributed\OTPClientRepository.py", line 1991, in handleGenerateWithRequiredOther
    self.doGenerate(parentId, zoneId, classId, doId, di)
  File "C:\Panda3D-1.9.0\direct\distributed\ClientRepositoryBase.py", line 162, in doGenerate
    distObj = self.generateWithRequiredOtherFields(dclass, doId, di, parentId, zoneId)
  File "C:\Panda3D-1.9.0\direct\distributed\ClientRepositoryBase.py", line 313, in generateWithRequiredOtherFields
    distObj.updateRequiredOtherFields(dclass, di)
  File "C:\Panda3D-1.9.0\direct\distributed\DistributedObject.py", line 354, in updateRequiredOtherFields
    dclass.receiveUpdateOther(self, di)
  File "otp\level\DistributedLevel.py", line 70, in setStartTimestamp
    self.privGotAllRequired()
  File "otp\level\DistributedLevel.py", line 73, in privGotAllRequired
    self.levelAnnounceGenerate()
  File "toontown\coghq\DistributedStageRoom.py", line 71, in levelAnnounceGenerate
    DistributedLevel.DistributedLevel.initializeLevel(self, roomSpec)
  File "otp\level\DistributedLevel.py", line 83, in initializeLevel
    self.privGotSpec(levelSpec)
  File "toontown\coghq\DistributedStageRoom.py", line 81, in privGotSpec
    DistributedLevel.DistributedLevel.privGotSpec(self, levelSpec)
  File "otp\level\DistributedLevel.py", line 115, in privGotSpec
    Level.Level.initializeLevel(self, self.doId, levelSpec, self.scenarioIndex)
  File "otp\level\Level.py", line 32, in initializeLevel
    self.createAllEntities(priorityTypes=['levelMgr', 'zone', 'propSpinner'])
  File "otp\level\Level.py", line 71, in createAllEntities
    self.createAllEntitiesOfType(type)
  File "otp\level\Level.py", line 98, in createAllEntitiesOfType
    self.createEntity(entId)
  File "otp\level\Level.py", line 116, in createEntity
    self.onEntityCreate(entId)
  File "otp\level\Level.py", line 189, in onEntityCreate
    messenger.send(self.getEntityOfTypeCreateEvent(self.getEntityType(entId)), [entId])
  File "C:\Panda3D-1.9.0\direct\showbase\Messenger.py", line 397, in send
    self.__dispatch(acceptorDict, event, sentArgs, foundWatch)
  File "C:\Panda3D-1.9.0\direct\showbase\Messenger.py", line 482, in __dispatch
    method (*(extraArgs + sentArgs))
  File "otp\level\LevelMgr.py", line 28, in handleZoneCreated
    self.privAssignZoneIds()
  File "otp\level\LevelMgr.py", line 43, in privAssignZoneIds
    zoneId = self.level.zoneIds[i]
AttributeError: DistributedStageRoom instance has no attribute 'zoneIds'
Traceback (most recent call last):
  File "otp\otpbase\OTPBase.py", line 239, in run
    taskMgr.run()
  File "C:\Panda3D-1.9.0\direct\task\Task.py", line 502, in run
    self.step()
  File "C:\Panda3D-1.9.0\direct\task\Task.py", line 460, in step
    self.mgr.poll()
  File "C:\Panda3D-1.9.0\direct\distributed\ConnectionRepository.py", line 613, in readerPollUntilEmpty
    while self.readerPollOnce():
  File "C:\Panda3D-1.9.0\direct\distributed\ConnectionRepository.py", line 620, in readerPollOnce
    self.handleDatagram(self.private__di)
  File "otp\distributed\OTPClientRepository.py", line 1873, in handleDatagram
    self.handler(msgType, di)
  File "otp\distributed\OTPClientRepository.py", line 1482, in handlePlayGame
    self.handleGenerateWithRequiredOther(di)
  File "otp\distributed\OTPClientRepository.py", line 1991, in handleGenerateWithRequiredOther
    self.doGenerate(parentId, zoneId, classId, doId, di)
  File "C:\Panda3D-1.9.0\direct\distributed\ClientRepositoryBase.py", line 162, in doGenerate
    distObj = self.generateWithRequiredOtherFields(dclass, doId, di, parentId, zoneId)
  File "C:\Panda3D-1.9.0\direct\distributed\ClientRepositoryBase.py", line 313, in generateWithRequiredOtherFields
    distObj.updateRequiredOtherFields(dclass, di)
  File "C:\Panda3D-1.9.0\direct\distributed\DistributedObject.py", line 354, in updateRequiredOtherFields
    dclass.receiveUpdateOther(self, di)
  File "otp\level\DistributedLevel.py", line 70, in setStartTimestamp
    self.privGotAllRequired()
  File "otp\level\DistributedLevel.py", line 73, in privGotAllRequired
    self.levelAnnounceGenerate()
  File "toontown\coghq\DistributedStageRoom.py", line 71, in levelAnnounceGenerate
    DistributedLevel.DistributedLevel.initializeLevel(self, roomSpec)
  File "otp\level\DistributedLevel.py", line 83, in initializeLevel
    self.privGotSpec(levelSpec)
  File "toontown\coghq\DistributedStageRoom.py", line 81, in privGotSpec
    DistributedLevel.DistributedLevel.privGotSpec(self, levelSpec)
  File "otp\level\DistributedLevel.py", line 115, in privGotSpec
    Level.Level.initializeLevel(self, self.doId, levelSpec, self.scenarioIndex)
  File "otp\level\Level.py", line 32, in initializeLevel
    self.createAllEntities(priorityTypes=['levelMgr', 'zone', 'propSpinner'])
  File "otp\level\Level.py", line 71, in createAllEntities
    self.createAllEntitiesOfType(type)
  File "otp\level\Level.py", line 98, in createAllEntitiesOfType
    self.createEntity(entId)
  File "otp\level\Level.py", line 116, in createEntity
    self.onEntityCreate(entId)
  File "otp\level\Level.py", line 189, in onEntityCreate
    messenger.send(self.getEntityOfTypeCreateEvent(self.getEntityType(entId)), [entId])
  File "C:\Panda3D-1.9.0\direct\showbase\Messenger.py", line 397, in send
    self.__dispatch(acceptorDict, event, sentArgs, foundWatch)
  File "C:\Panda3D-1.9.0\direct\showbase\Messenger.py", line 482, in __dispatch
    method (*(extraArgs + sentArgs))
  File "otp\level\LevelMgr.py", line 28, in handleZoneCreated
    self.privAssignZoneIds()
  File "otp\level\LevelMgr.py", line 43, in privAssignZoneIds
    zoneId = self.level.zoneIds[i]
AttributeError: DistributedStageRoom instance has no attribute 'zoneIds'
