ToontownStart: Polling for game2 to finish...
ToontownStart: Game2 is finished.
ToontownStart: Starting the game.
ToontownStart: setting default font
TTLocalizer: Running in language: english
from toontown.toonbase.TTLocalizerEnglish import *
OTPLocalizer: Running in language: english
from otp.otpbase.OTPLocalizerEnglish import *
ToontownStart: Loading default gui sounds
ToontownStart: serverVersion:  tti-retro-dev
Preloading avatars...
Done preloading avatars.
{401000001: <toontown.distributed.ToontownDistrict.ToontownDistrict instance at 0x1C3086C0>}
entering active SC menu
local
2
Reading DNA file... phase_4/dna/storage.dna
Reading DNA file... phase_3.5/dna/storage_interior.dna
OnscreenText.configure: mayChange == 0
OnscreenText.configure: mayChange == 0
OnscreenText.configure: mayChange == 0
OnscreenText.configure: mayChange == 0
OnscreenText.configure: mayChange == 0
OnscreenText.configure: mayChange == 0
OnscreenText.configure: mayChange == 0
OnscreenText.configure: mayChange == 0
doors enter state 1
openInnerDoors
openInnerDoors
openInnerDoors stage Two
spec = {'parentEntId': 10014, 'pos': LPoint3f(0, 0, 0)}
h = None
Battle Event localtoon-battle-event-3
0.0 6.71249961853 -1.20000004768 0.800000011921
LPoint3f(-3.99325, 0.05, -2.9)
OnscreenText.configure: mayChange == 0
OnscreenText.configure: mayChange == 0
OnscreenText.configure: mayChange == 0
OnscreenText.configure: mayChange == 0
Battle Event localtoon-battle-event-9
frame rate: 17.1 fps|0.039d|43 avs||344|353||0x8086|0x0106|1090.1MB|1082.9MB|3912.4MB|932|nt.2.6.2|1.800,1.800|2,2 cpus|OpenGL
0.0 6.71249961853 -1.20000004768 0.800000011921
LPoint3f(-3.99325, 0.05, -2.9)
frame rate: 3.8 fps|0.014d|1 avs||644|653||0x8086|0x0106|1153.6MB|1146.6MB|3912.4MB|961|nt.2.6.2|1.800,1.800|2,2 cpus|OpenGL
Battle Event localtoon-battle-event-16
frame rate: 4.7 fps|0.038d|68 avs||944|953||0x8086|0x0106|1170.0MB|1163.4MB|3912.4MB|966|nt.2.6.2|1.800,1.800|2,2 cpus|OpenGL
entering active SC menu
0.0 6.71249961853 -1.20000004768 0.800000011921
LPoint3f(-3.99325, 0.05, -2.9)
Reading DNA file... phase_6/dna/storage_DD.dna
Reading DNA file... phase_6/dna/storage_DD_sz.dna
Reading DNA file... phase_6/dna/donalds_dock_sz.dna
DNALandmarkBuilding sb10:toon_landmark_DD_pet_shop_DNARoot did not find **/*suit_building_origin
fisherman origin:  render/loader_data/donaldsDock/fishing_pond_1/npc_fisherman_origin_0
entering active SC menu
OnscreenText.configure: mayChange == 0
OnscreenText.configure: mayChange == 0
OnscreenText.configure: mayChange == 0
OnscreenText.configure: mayChange == 0
Reading DNA file... phase_4/dna/storage_TT.dna
Reading DNA file... phase_4/dna/storage_TT_sz.dna
Reading DNA file... phase_4/dna/toontown_central_sz.dna
Responding to non-available character!
fisherman origin:  render/loader_data/toontownCentral/fishing_pond_1/npc_fisherman_origin_0
updating achievements page
ignoring InputState-forward
{}
{401000001: <toontown.distributed.ToontownDistrict.ToontownDistrict instance at 0x1C3A78C8>}
{401000001: <toontown.distributed.ToontownDistrict.ToontownDistrict instance at 0x1C3A78C8>}
{401000001: <toontown.distributed.ToontownDistrict.ToontownDistrict instance at 0x1C3A78C8>}
entering active SC menu
local
2
Reading DNA file... phase_4/dna/storage.dna
Reading DNA file... phase_3.5/dna/storage_interior.dna
Reading DNA file... phase_4/dna/storage_TT.dna
Reading DNA file... phase_4/dna/storage_TT_sz.dna
Reading DNA file... phase_4/dna/toontown_central_sz.dna
fisherman origin:  render/loader_data/toontownCentral/fishing_pond_1/npc_fisherman_origin_0
Responding to non-available character!
OnscreenText.configure: mayChange == 0
OnscreenText.configure: mayChange == 0
OnscreenText.configure: mayChange == 0
OnscreenText.configure: mayChange == 0
updating achievements page
spec = {'parentEntId': 10000, 'pos': LPoint3f(0, 0, 0)}
h = None
Battle Event localtoon-battle-event-23
entering active SC menu
entering active SC menu
entering active SC menu
OnscreenText.configure: mayChange == 0
OnscreenText.configure: mayChange == 0
OnscreenText.configure: mayChange == 0
OnscreenText.configure: mayChange == 0
ToonAvatarDetailPanel None
entering active SC menu
Reading DNA file... phase_4/dna/storage_TT.dna
Reading DNA file... phase_4/dna/storage_TT_sz.dna
Reading DNA file... phase_4/dna/toontown_central_sz.dna
fisherman origin:  render/loader_data/toontownCentral/fishing_pond_1/npc_fisherman_origin_0
Responding to non-available character!
updating achievements page
frame rate: 19.3 fps|0.066d|4 avs||1496|1505||0x8086|0x0106|1187.9MB|1181.2MB|3912.4MB|1344|nt.2.6.2|1.800,1.800|2,2 cpus|OpenGL
updating achievements page
frame rate: 17.3 fps|0.013d|5 avs||1796|1805||0x8086|0x0106|1189.1MB|1182.5MB|3912.4MB|1345|nt.2.6.2|1.800,1.800|2,2 cpus|OpenGL
entering active SC menu
entering active SC menu
updating achievements page
Reading DNA file... phase_5/dna/storage_town.dna
Reading DNA file... phase_5/dna/storage_TT_town.dna
Reading DNA file... phase_5/dna/toontown_central_2200.dna
DNALandmarkBuilding sb42:toon_landmark_hqTT_DNARoot did not find **/*suit_building_origin
Battle Event localtoon-battle-event-29
frame rate: 26.3 fps|0.017d|4 avs||2096|2105||0x8086|0x0106|1243.6MB|1238.3MB|3912.4MB|1431|nt.2.6.2|1.800,1.800|2,2 cpus|OpenGL
Reading DNA file... phase_5/dna/storage_town.dna
Reading DNA file... phase_5/dna/storage_TT_town.dna
Reading DNA file... phase_5/dna/toontown_central_2200.dna
DNALandmarkBuilding sb42:toon_landmark_hqTT_DNARoot did not find **/*suit_building_origin
fisherman origin:  render/town_top_level/toontownCentral/2236/fishing_pond_1/npc_fisherman_origin_0
Traceback (most recent call last):
  File "C:\Panda3D-1.9.0\direct\distributed\ConnectionRepository.py", line 613, in readerPollUntilEmpty
    while self.readerPollOnce():
  File "C:\Panda3D-1.9.0\direct\distributed\ConnectionRepository.py", line 620, in readerPollOnce
    self.handleDatagram(self.private__di)
  File "otp\distributed\OTPClientRepository.py", line 1873, in handleDatagram
    self.handler(msgType, di)
  File "otp\distributed\OTPClientRepository.py", line 1484, in handlePlayGame
    self.handleUpdateField(di)
  File "otp\distributed\OTPClientRepository.py", line 2191, in handleUpdateField
    self.__doUpdate(doId, di, ovUpdated)
  File "otp\distributed\OTPClientRepository.py", line 2199, in __doUpdate
    do.dclass.receiveUpdate(do, di)
  File "toontown\battle\DistributedBattleBase.py", line 343, in setState
    self.fsm.request(state, [globalClockDelta.localElapsedTime(timestamp)])
  File "C:\Panda3D-1.9.0\direct\fsm\ClassicFSM.py", line 284, in request
    exitArgList)
  File "C:\Panda3D-1.9.0\direct\fsm\ClassicFSM.py", line 231, in __transition
    self.__enter(aState, enterArgList)
  File "C:\Panda3D-1.9.0\direct\fsm\ClassicFSM.py", line 217, in __enter
    aState.enter(argList)
  File "C:\Panda3D-1.9.0\direct\fsm\State.py", line 203, in enter
    apply(self.__enterFunc, argList)
  File "toontown\battle\DistributedBattleBase.py", line 1054, in enterWaitForInput
    self.__adjustTownBattle()
  File "toontown\battle\DistributedBattleBase.py", line 1387, in __adjustTownBattle
    self.townBattle.adjustCogsAndToons(self.activeSuits, luredSuits, trappedSuits, self.activeToons)
  File "toontown\town\TownBattle.py", line 468, in adjustCogsAndToons
    base.localAvatar.inventory.setBattleCreditMultiplier(self.creditMultiplier)
AttributeError: TownBattle instance has no attribute 'creditMultiplier'
Traceback (most recent call last):
  File "otp\otpbase\OTPBase.py", line 239, in run
    taskMgr.run()
  File "C:\Panda3D-1.9.0\direct\task\Task.py", line 502, in run
    self.step()
  File "C:\Panda3D-1.9.0\direct\task\Task.py", line 460, in step
    self.mgr.poll()
  File "C:\Panda3D-1.9.0\direct\distributed\ConnectionRepository.py", line 613, in readerPollUntilEmpty
    while self.readerPollOnce():
  File "C:\Panda3D-1.9.0\direct\distributed\ConnectionRepository.py", line 620, in readerPollOnce
    self.handleDatagram(self.private__di)
  File "otp\distributed\OTPClientRepository.py", line 1873, in handleDatagram
    self.handler(msgType, di)
  File "otp\distributed\OTPClientRepository.py", line 1484, in handlePlayGame
    self.handleUpdateField(di)
  File "otp\distributed\OTPClientRepository.py", line 2191, in handleUpdateField
    self.__doUpdate(doId, di, ovUpdated)
  File "otp\distributed\OTPClientRepository.py", line 2199, in __doUpdate
    do.dclass.receiveUpdate(do, di)
  File "toontown\battle\DistributedBattleBase.py", line 343, in setState
    self.fsm.request(state, [globalClockDelta.localElapsedTime(timestamp)])
  File "C:\Panda3D-1.9.0\direct\fsm\ClassicFSM.py", line 284, in request
    exitArgList)
  File "C:\Panda3D-1.9.0\direct\fsm\ClassicFSM.py", line 231, in __transition
    self.__enter(aState, enterArgList)
  File "C:\Panda3D-1.9.0\direct\fsm\ClassicFSM.py", line 217, in __enter
    aState.enter(argList)
  File "C:\Panda3D-1.9.0\direct\fsm\State.py", line 203, in enter
    apply(self.__enterFunc, argList)
  File "toontown\battle\DistributedBattleBase.py", line 1054, in enterWaitForInput
    self.__adjustTownBattle()
  File "toontown\battle\DistributedBattleBase.py", line 1387, in __adjustTownBattle
    self.townBattle.adjustCogsAndToons(self.activeSuits, luredSuits, trappedSuits, self.activeToons)
  File "toontown\town\TownBattle.py", line 468, in adjustCogsAndToons
    base.localAvatar.inventory.setBattleCreditMultiplier(self.creditMultiplier)
AttributeError: TownBattle instance has no attribute 'creditMultiplier'
