ToontownStart: Polling for game2 to finish...
ToontownStart: Game2 is finished.
ToontownStart: Starting the game.
ToontownStart: setting default font
TTLocalizer: Running in language: english
from toontown.toonbase.TTLocalizerEnglish import *
OTPLocalizer: Running in language: english
from otp.otpbase.OTPLocalizerEnglish import *
ToontownStart: Loading default gui sounds
ToontownStart: serverVersion:  tti-retro-dev
Preloading avatars...
Done preloading avatars.
{401000001: <toontown.distributed.ToontownDistrict.ToontownDistrict instance at 0x1C224F08>}
entering active SC menu
local
0
Reading DNA file... phase_4/dna/storage.dna
Reading DNA file... phase_3.5/dna/storage_interior.dna
Reading DNA file... phase_4/dna/storage_TT.dna
Reading DNA file... phase_4/dna/storage_TT_sz.dna
Reading DNA file... phase_4/dna/toontown_central_sz.dna
updating achievements page
Responding to non-available character!
fisherman origin:  render/loader_data/toontownCentral/fishing_pond_1/npc_fisherman_origin_0
updating achievements page
updating achievements page
handleButton
0.0 7.4625005722 -0.20000000298 0.800000011921
LPoint3f(-4.42825, 0.05, -2.4)
updating achievements page
updating achievements page
frame rate: 16.0 fps|0.007d|4 avs||354|363||0x8086|0x0106|955.0MB|945.3MB|3912.4MB|885|nt.2.6.2|1.800,1.800|2,2 cpus|OpenGL
ignoring InputState-forward
