ToontownStart: Polling for game2 to finish...
ToontownStart: Game2 is finished.
ToontownStart: Starting the game.
ToontownStart: setting default font
TTLocalizer: Running in language: english
from toontown.toonbase.TTLocalizerEnglish import *
OTPLocalizer: Running in language: english
from otp.otpbase.OTPLocalizerEnglish import *
ToontownStart: Loading default gui sounds
ToontownStart: serverVersion:  tti-retro-dev
Traceback (most recent call last):
  File "C:\Panda3D-1.9.0\python\lib\runpy.py", line 162, in _run_module_as_main
    "__main__", fname, loader, pkg_name)
  File "C:\Panda3D-1.9.0\python\lib\runpy.py", line 72, in _run_code
    exec code in run_globals
  File "C:\Users\Alvin_000.GATEWAY\Desktop\TTISource\TTISource\ToontownInfiniteRetro\toontown\toonbase\ToontownStart.py", line 126, in <module>
    loader.beginBulkLoad('init', TTLocalizer.LoaderLabel, 138, 0, TTLocalizer.TIP_NONE, 0)
  File "toontown\toonbase\ToontownLoader.py", line 34, in beginBulkLoad
    self.loadingScreen.begin(range, label, gui, tipCategory, zoneId)
  File "toontown\toontowngui\ToontownLoadingScreen.py", line 33, in begin
    self.waitBar['range'] = range
AttributeError: ToontownLoadingScreen instance has no attribute 'waitBar'
Error in sys.exitfunc:
Traceback (most recent call last):
  File "C:\Panda3D-1.9.0\direct\showbase\ShowBase.py", line 510, in exitfunc
    self.destroy()
  File "C:\Panda3D-1.9.0\direct\showbase\ShowBase.py", line 484, in destroy
    self.loader.destroy()
  File "toontown\toonbase\ToontownLoader.py", line 18, in destroy
    self.loadingScreen.destroy()
  File "toontown\toontowngui\ToontownLoadingScreen.py", line 23, in destroy
    self.title.destroy()
AttributeError: ToontownLoadingScreen instance has no attribute 'title'
