ToontownStart: Polling for game2 to finish...
ToontownStart: Game2 is finished.
ToontownStart: Starting the game.
ToontownStart: setting default font
TTLocalizer: Running in language: english
from toontown.toonbase.TTLocalizerEnglish import *
OTPLocalizer: Running in language: english
from otp.otpbase.OTPLocalizerEnglish import *
ToontownStart: Loading default gui sounds
ToontownStart: serverVersion:  tti-retro-dev
Preloading avatars...
Done preloading avatars.
{401000001: <toontown.distributed.ToontownDistrict.ToontownDistrict instance at 0x1C224F08>}
entering active SC menu
local
1
Reading DNA file... phase_4/dna/storage.dna
Reading DNA file... phase_3.5/dna/storage_interior.dna
Reading DNA file... phase_8/dna/storage_DG.dna
Reading DNA file... phase_5/dna/storage_town.dna
Reading DNA file... phase_8/dna/storage_DG_town.dna
Reading DNA file... phase_8/dna/daisys_garden_5300.dna
fisherman origin:  render/town_top_level/daisysGarden/5318/fishing_pond_1/npc_fisherman_origin_0
ToonAvatarDetailPanel None
OnscreenText.configure: mayChange == 0
OnscreenText.configure: mayChange == 0
OnscreenText.configure: mayChange == 0
OnscreenText.configure: mayChange == 0
OnscreenText.configure: mayChange == 0
OnscreenText.configure: mayChange == 0
OnscreenText.configure: mayChange == 0
OnscreenText.configure: mayChange == 0
Reading DNA file... phase_4/dna/storage_TT.dna
Reading DNA file... phase_4/dna/storage_TT_sz.dna
Reading DNA file... phase_4/dna/toontown_central_sz.dna
Responding to non-available character!
fisherman origin:  render/loader_data/toontownCentral/fishing_pond_1/npc_fisherman_origin_0
updating achievements page
updating achievements page
Traceback (most recent call last):
  File "C:\Panda3D-1.9.0\direct\distributed\ConnectionRepository.py", line 613, in readerPollUntilEmpty
    while self.readerPollOnce():
  File "C:\Panda3D-1.9.0\direct\distributed\ConnectionRepository.py", line 620, in readerPollOnce
    self.handleDatagram(self.private__di)
  File "otp\distributed\OTPClientRepository.py", line 1873, in handleDatagram
    self.handler(msgType, di)
  File "otp\distributed\OTPClientRepository.py", line 1482, in handlePlayGame
    self.handleGenerateWithRequiredOther(di)
  File "otp\distributed\OTPClientRepository.py", line 1991, in handleGenerateWithRequiredOther
    self.doGenerate(parentId, zoneId, classId, doId, di)
  File "C:\Panda3D-1.9.0\direct\distributed\ClientRepositoryBase.py", line 162, in doGenerate
    distObj = self.generateWithRequiredOtherFields(dclass, doId, di, parentId, zoneId)
  File "C:\Panda3D-1.9.0\direct\distributed\ClientRepositoryBase.py", line 313, in generateWithRequiredOtherFields
    distObj.updateRequiredOtherFields(dclass, di)
  File "C:\Panda3D-1.9.0\direct\distributed\DistributedObject.py", line 347, in updateRequiredOtherFields
    dclass.receiveUpdateBroadcastRequired(self, di)
  File "toontown\toon\DistributedToon.py", line 439, in setDefaultZone
    self.defaultZone = ToontownCentral
NameError: global name 'ToontownCentral' is not defined
Traceback (most recent call last):
  File "otp\otpbase\OTPBase.py", line 239, in run
    taskMgr.run()
  File "C:\Panda3D-1.9.0\direct\task\Task.py", line 502, in run
    self.step()
  File "C:\Panda3D-1.9.0\direct\task\Task.py", line 460, in step
    self.mgr.poll()
  File "C:\Panda3D-1.9.0\direct\distributed\ConnectionRepository.py", line 613, in readerPollUntilEmpty
    while self.readerPollOnce():
  File "C:\Panda3D-1.9.0\direct\distributed\ConnectionRepository.py", line 620, in readerPollOnce
    self.handleDatagram(self.private__di)
  File "otp\distributed\OTPClientRepository.py", line 1873, in handleDatagram
    self.handler(msgType, di)
  File "otp\distributed\OTPClientRepository.py", line 1482, in handlePlayGame
    self.handleGenerateWithRequiredOther(di)
  File "otp\distributed\OTPClientRepository.py", line 1991, in handleGenerateWithRequiredOther
    self.doGenerate(parentId, zoneId, classId, doId, di)
  File "C:\Panda3D-1.9.0\direct\distributed\ClientRepositoryBase.py", line 162, in doGenerate
    distObj = self.generateWithRequiredOtherFields(dclass, doId, di, parentId, zoneId)
  File "C:\Panda3D-1.9.0\direct\distributed\ClientRepositoryBase.py", line 313, in generateWithRequiredOtherFields
    distObj.updateRequiredOtherFields(dclass, di)
  File "C:\Panda3D-1.9.0\direct\distributed\DistributedObject.py", line 347, in updateRequiredOtherFields
    dclass.receiveUpdateBroadcastRequired(self, di)
  File "toontown\toon\DistributedToon.py", line 439, in setDefaultZone
    self.defaultZone = ToontownCentral
NameError: global name 'ToontownCentral' is not defined
