ToontownStart: Polling for game2 to finish...
ToontownStart: Game2 is finished.
ToontownStart: Starting the game.
ToontownStart: setting default font
TTLocalizer: Running in language: english
from toontown.toonbase.TTLocalizerEnglish import *
OTPLocalizer: Running in language: english
from otp.otpbase.OTPLocalizerEnglish import *
ToontownStart: Loading default gui sounds
ToontownStart: serverVersion:  tti-retro-dev
Preloading avatars...
Done preloading avatars.
{401000001: <toontown.distributed.ToontownDistrict.ToontownDistrict instance at 0x1C256EE0>}
entering active SC menu
local
3
Reading DNA file... phase_4/dna/storage.dna
Reading DNA file... phase_3.5/dna/storage_interior.dna
ToonAvatarDetailPanel None
entering active SC menu
entering active SC menu
OnscreenText.configure: mayChange == 0
OnscreenText.configure: mayChange == 0
OnscreenText.configure: mayChange == 0
OnscreenText.configure: mayChange == 0
ignoring InputState-forward
entering active SC menu
local
3
Reading DNA file... phase_4/dna/storage.dna
Reading DNA file... phase_3.5/dna/storage_interior.dna
Battle Event localtoon-battle-event-3
frame rate: 0.0 fps|0.000d|6 avs||1130|1146||0x8086|0x0106|1071.2MB|1064.8MB|3912.4MB|1392|nt.2.6.2|1.800,1.800|2,2 cpus|OpenGL
frame rate: 25.9 fps|0.004d|6 avs||1430|1446||0x8086|0x0106|1071.5MB|1063.2MB|3912.4MB|1398|nt.2.6.2|1.800,1.800|2,2 cpus|OpenGL
ignoring InputState-forward
entering active SC menu
local
0
Reading DNA file... phase_4/dna/storage.dna
Reading DNA file... phase_3.5/dna/storage_interior.dna
Reading DNA file... phase_4/dna/storage_TT.dna
Reading DNA file... phase_4/dna/storage_TT_sz.dna
Reading DNA file... phase_4/dna/toontown_central_sz.dna
Responding to non-available character!
fisherman origin:  render/loader_data/toontownCentral/fishing_pond_1/npc_fisherman_origin_0
frame rate: 8.4 fps|0.009d|3 avs||1825|1841||0x8086|0x0106|1139.3MB|1137.7MB|3912.4MB|1801|nt.2.6.2|1.800,0.800|2,2 cpus|OpenGL
frame rate: 15.9 fps|0.010d|3 avs||2125|2141||0x8086|0x0106|1147.7MB|1142.3MB|3912.4MB|1805|nt.2.6.2|1.800,1.800|2,2 cpus|OpenGL
entering active SC menu
entering active SC menu
frame rate: 21.1 fps|0.033d|3 avs||2425|2441||0x8086|0x0106|1142.4MB|1133.3MB|3912.4MB|1811|nt.2.6.2|1.800,1.800|2,2 cpus|OpenGL
OnscreenText.configure: mayChange == 0
OnscreenText.configure: mayChange == 0
OnscreenText.configure: mayChange == 0
OnscreenText.configure: mayChange == 0
Reading DNA file... phase_6/dna/storage_DD.dna
Reading DNA file... phase_6/dna/storage_DD_sz.dna
Reading DNA file... phase_6/dna/donalds_dock_sz.dna
DNALandmarkBuilding sb10:toon_landmark_DD_pet_shop_DNARoot did not find **/*suit_building_origin
fisherman origin:  render/loader_data/donaldsDock/fishing_pond_1/npc_fisherman_origin_0
OnscreenText.configure: mayChange == 0
OnscreenText.configure: mayChange == 0
OnscreenText.configure: mayChange == 0
OnscreenText.configure: mayChange == 0
ignoring InputState-forward
entering active SC menu
local
